=== Starting Financial Tracker Server (Debug Mode) ===
Current directory: D:\Farhan\financial-tracker\server
node:internal/modules/cjs/loader:1148
  throw err;
  ^

Error: Cannot find module 'dotenv'
Require stack:
- D:\Farhan\financial-tracker\server\start-server-debug.js
    at Module._resolveFilename (node:internal/modules/cjs/loader:1145:15)
    at Module._load (node:internal/modules/cjs/loader:986:27)
    at Module.require (node:internal/modules/cjs/loader:1233:19)
    at require (node:internal/modules/helpers:179:18)
    at Object.<anonymous> (D:\Farhan\financial-tracker\server\start-server-debug.js:5:1)
    at Module._compile (node:internal/modules/cjs/loader:1358:14)
    at Module._extensions..js (node:internal/modules/cjs/loader:1416:10)
    at Module.load (node:internal/modules/cjs/loader:1208:32)
    at Module._load (node:internal/modules/cjs/loader:1024:12)
    at Function.executeUserEntryPoint [as runMain] (node:internal/modules/run_main:174:12) {
  code: 'MODULE_NOT_FOUND',
  requireStack: [ 'D:\\Farhan\\financial-tracker\\server\\start-server-debug.js' ]
}

Node.js v20.16.0
